The system is: Windows - 10.0.18362 - AMD64
Compiling the C compiler identification source file "CMakeCCompilerId.c" succeeded.
Compiler: D:/Program Files (x86)/Microsoft Visual Studio/2019/Community/VC/Tools/MSVC/14.26.28801/bin/HostX64/x64/cl.exe 
Build flags: 
Id flags:  

The output was:
0
Microsoft (R) C/C++ Optimizing Compiler Version 19.26.28805 for x64
Copyright (C) Microsoft Corporation.  All rights reserved.

CMakeCCompilerId.c
Microsoft (R) Incremental Linker Version 14.26.28805.0
Copyright (C) Microsoft Corporation.  All rights reserved.

/out:CMakeCCompilerId.exe 
CMakeCCompilerId.obj 


Compilation of the C compiler identification source "CMakeCCompilerId.c" produced "CMakeCCompilerId.exe"

Compilation of the C compiler identification source "CMakeCCompilerId.c" produced "CMakeCCompilerId.obj"

The C compiler identification is MSVC, found in "D:/code/Rust/LunarEngine/LNEngine/LunarEngine/out/build/x64-Debug (default)/CMakeFiles/3.17.20032601-MSVC_2/CompilerIdC/CMakeCCompilerId.exe"

Compiling the CXX compiler identification source file "CMakeCXXCompilerId.cpp" succeeded.
Compiler: D:/Program Files (x86)/Microsoft Visual Studio/2019/Community/VC/Tools/MSVC/14.26.28801/bin/HostX64/x64/cl.exe 
Build flags: -fpermissive
Id flags:  

The output was:
0
Microsoft (R) C/C++ Optimizing Compiler Version 19.26.28805 for x64
Copyright (C) Microsoft Corporation.  All rights reserved.

cl : Command line warning D9002 : ignoring unknown option '-fpermissive'
CMakeCXXCompilerId.cpp
Microsoft (R) Incremental Linker Version 14.26.28805.0
Copyright (C) Microsoft Corporation.  All rights reserved.

/out:CMakeCXXCompilerId.exe 
CMakeCXXCompilerId.obj 


Compilation of the CXX compiler identification source "CMakeCXXCompilerId.cpp" produced "CMakeCXXCompilerId.exe"

Compilation of the CXX compiler identification source "CMakeCXXCompilerId.cpp" produced "CMakeCXXCompilerId.obj"

The CXX compiler identification is MSVC, found in "D:/code/Rust/LunarEngine/LNEngine/LunarEngine/out/build/x64-Debug (default)/CMakeFiles/3.17.20032601-MSVC_2/CompilerIdCXX/CMakeCXXCompilerId.exe"

Determining if the C compiler works passed with the following output:
Change Dir: D:/code/Rust/LunarEngine/LNEngine/LunarEngine/out/build/x64-Debug (default)/CMakeFiles/CMakeTmp

Run Build Command(s):D:/Program Files (x86)/Microsoft Visual Studio/2019/Community/Common7/IDE/CommonExtensions/Microsoft/CMake/Ninja/ninja.exe cmTC_d3894 && [1/2] Building C object CMakeFiles\cmTC_d3894.dir\testCCompiler.c.obj
[2/2] Linking C executable cmTC_d3894.exe



Detecting C compiler ABI info compiled with the following output:
Change Dir: D:/code/Rust/LunarEngine/LNEngine/LunarEngine/out/build/x64-Debug (default)/CMakeFiles/CMakeTmp

Run Build Command(s):D:/Program Files (x86)/Microsoft Visual Studio/2019/Community/Common7/IDE/CommonExtensions/Microsoft/CMake/Ninja/ninja.exe cmTC_df755 && [1/2] Building C object CMakeFiles\cmTC_df755.dir\CMakeCCompilerABI.c.obj
[2/2] Linking C executable cmTC_df755.exe



Determining if the CXX compiler works passed with the following output:
Change Dir: D:/code/Rust/LunarEngine/LNEngine/LunarEngine/out/build/x64-Debug (default)/CMakeFiles/CMakeTmp

Run Build Command(s):D:/Program Files (x86)/Microsoft Visual Studio/2019/Community/Common7/IDE/CommonExtensions/Microsoft/CMake/Ninja/ninja.exe cmTC_3eecf && [1/2] Building CXX object CMakeFiles\cmTC_3eecf.dir\testCXXCompiler.cxx.obj
cl : Command line warning D9002 : ignoring unknown option '-fpermissive'
[2/2] Linking CXX executable cmTC_3eecf.exe



Detecting CXX compiler ABI info compiled with the following output:
Change Dir: D:/code/Rust/LunarEngine/LNEngine/LunarEngine/out/build/x64-Debug (default)/CMakeFiles/CMakeTmp

Run Build Command(s):D:/Program Files (x86)/Microsoft Visual Studio/2019/Community/Common7/IDE/CommonExtensions/Microsoft/CMake/Ninja/ninja.exe cmTC_4e14d && [1/2] Building CXX object CMakeFiles\cmTC_4e14d.dir\CMakeCXXCompilerABI.cpp.obj
cl : Command line warning D9002 : ignoring unknown option '-fpermissive'
[2/2] Linking CXX executable cmTC_4e14d.exe



