Performing C SOURCE FILE Test CMAKE_HAVE_LIBC_PTHREAD failed with the following output:
Change Dir: /home/akshantlanjewar/code/LunarEngine/linuxBuild/CMakeFiles/CMakeTmp

Run Build Command(s):/usr/bin/make cmTC_66f27/fast && /usr/bin/make  -f CMakeFiles/cmTC_66f27.dir/build.make CMakeFiles/cmTC_66f27.dir/build
make[1]: Entering directory '/home/akshantlanjewar/code/LunarEngine/linuxBuild/CMakeFiles/CMakeTmp'
Building C object CMakeFiles/cmTC_66f27.dir/src.c.o
/usr/bin/cc   -DCMAKE_HAVE_LIBC_PTHREAD   -o CMakeFiles/cmTC_66f27.dir/src.c.o   -c /home/akshantlanjewar/code/LunarEngine/linuxBuild/CMakeFiles/CMakeTmp/src.c
Linking C executable cmTC_66f27
/usr/bin/cmake -E cmake_link_script CMakeFiles/cmTC_66f27.dir/link.txt --verbose=1
/usr/bin/cc  -DCMAKE_HAVE_LIBC_PTHREAD    -rdynamic CMakeFiles/cmTC_66f27.dir/src.c.o  -o cmTC_66f27 
/usr/bin/ld: CMakeFiles/cmTC_66f27.dir/src.c.o: in function `main':
src.c:(.text+0x3e): undefined reference to `pthread_create'
/usr/bin/ld: src.c:(.text+0x4a): undefined reference to `pthread_detach'
/usr/bin/ld: src.c:(.text+0x56): undefined reference to `pthread_cancel'
/usr/bin/ld: src.c:(.text+0x67): undefined reference to `pthread_join'
collect2: error: ld returned 1 exit status
make[1]: *** [CMakeFiles/cmTC_66f27.dir/build.make:107: cmTC_66f27] Error 1
make[1]: Leaving directory '/home/akshantlanjewar/code/LunarEngine/linuxBuild/CMakeFiles/CMakeTmp'
make: *** [Makefile:141: cmTC_66f27/fast] Error 2


Source file was:
#include <pthread.h>

void* test_func(void* data)
{
  return data;
}

int main(void)
{
  pthread_t thread;
  pthread_create(&thread, NULL, test_func, NULL);
  pthread_detach(thread);
  pthread_cancel(thread);
  pthread_join(thread, NULL);
  pthread_atfork(NULL, NULL, NULL);
  pthread_exit(NULL);

  return 0;
}

Determining if the function pthread_create exists in the pthreads failed with the following output:
Change Dir: /home/akshantlanjewar/code/LunarEngine/linuxBuild/CMakeFiles/CMakeTmp

Run Build Command(s):/usr/bin/make cmTC_1142e/fast && /usr/bin/make  -f CMakeFiles/cmTC_1142e.dir/build.make CMakeFiles/cmTC_1142e.dir/build
make[1]: Entering directory '/home/akshantlanjewar/code/LunarEngine/linuxBuild/CMakeFiles/CMakeTmp'
Building C object CMakeFiles/cmTC_1142e.dir/CheckFunctionExists.c.o
/usr/bin/cc   -DCHECK_FUNCTION_EXISTS=pthread_create   -o CMakeFiles/cmTC_1142e.dir/CheckFunctionExists.c.o   -c /usr/share/cmake-3.17/Modules/CheckFunctionExists.c
Linking C executable cmTC_1142e
/usr/bin/cmake -E cmake_link_script CMakeFiles/cmTC_1142e.dir/link.txt --verbose=1
/usr/bin/cc  -DCHECK_FUNCTION_EXISTS=pthread_create    -rdynamic CMakeFiles/cmTC_1142e.dir/CheckFunctionExists.c.o  -o cmTC_1142e  -lpthreads 
/usr/bin/ld: cannot find -lpthreads
collect2: error: ld returned 1 exit status
make[1]: *** [CMakeFiles/cmTC_1142e.dir/build.make:107: cmTC_1142e] Error 1
make[1]: Leaving directory '/home/akshantlanjewar/code/LunarEngine/linuxBuild/CMakeFiles/CMakeTmp'
make: *** [Makefile:141: cmTC_1142e/fast] Error 2



